2010-02-12 15:54:27 Notice: Notice (1024): Please change the value of 'Security.salt' in app/config/core.php to a salt value specific to your application in [CORE/cake/libs/debugger.php, line 549]
2010-02-12 15:55:47 Notice: Notice (1024): Please change the value of 'Security.salt' in app/config/core.php to a salt value specific to your application in [CORE/cake/libs/debugger.php, line 549]
2010-02-12 16:06:08 Notice: Notice (8): Undefined index:  title in [APP/views/urls/index.ctp, line 14]
2010-02-12 16:31:02 Notice: Notice (8): Undefined index:  longUrl in [APP/views/urls/index.ctp, line 18]
2010-02-12 16:31:09 Notice: Notice (8): Undefined index:  longUrl in [APP/views/urls/index.ctp, line 18]
2010-02-12 16:31:43 Notice: Notice (8): Undefined index:  longUrl in [APP/views/urls/index.ctp, line 18]
2010-02-12 16:31:58 Notice: Notice (8): Undefined index:  original_url in [APP/views/urls/index.ctp, line 18]
2010-02-12 18:24:13 Notice: Notice (8): Undefined variable: shortUrl in [APP/controllers/urls_controller.php, line 47]
2010-02-12 18:37:50 Notice: Notice (8): Undefined property: UrlsController::$Post in [APP/controllers/urls_controller.php, line 48]
2010-02-12 18:39:12 Notice: Notice (8): Undefined property: Url::$hits in [APP/controllers/urls_controller.php, line 51]
2010-02-12 18:39:13 Notice: Notice (8): Undefined property: Url::$hits in [APP/controllers/urls_controller.php, line 51]
2010-02-12 18:39:13 Notice: Notice (8): Undefined property: Url::$hits in [APP/controllers/urls_controller.php, line 51]
2010-02-12 18:39:14 Notice: Notice (8): Undefined property: Url::$hits in [APP/controllers/urls_controller.php, line 51]
2010-02-12 18:39:14 Notice: Notice (8): Undefined property: Url::$hits in [APP/controllers/urls_controller.php, line 51]
2010-02-12 18:39:15 Notice: Notice (8): Undefined property: Url::$hits in [APP/controllers/urls_controller.php, line 51]
2010-02-12 18:39:21 Notice: Notice (8): Undefined property: Url::$Hits in [APP/controllers/urls_controller.php, line 51]
2010-02-12 18:39:22 Notice: Notice (8): Undefined property: Url::$Hits in [APP/controllers/urls_controller.php, line 51]
2010-02-12 18:39:29 Notice: Notice (8): Trying to get property of non-object in [APP/controllers/urls_controller.php, line 51]
2010-02-12 18:39:30 Notice: Notice (8): Trying to get property of non-object in [APP/controllers/urls_controller.php, line 51]
2010-02-12 18:39:30 Notice: Notice (8): Trying to get property of non-object in [APP/controllers/urls_controller.php, line 51]
2010-02-12 18:39:31 Notice: Notice (8): Trying to get property of non-object in [APP/controllers/urls_controller.php, line 51]
2010-02-12 18:39:37 Notice: Notice (8): Undefined index:  hits in [APP/controllers/urls_controller.php, line 51]
2010-02-12 18:39:38 Notice: Notice (8): Undefined index:  hits in [APP/controllers/urls_controller.php, line 51]
2010-02-12 18:39:38 Notice: Notice (8): Undefined index:  hits in [APP/controllers/urls_controller.php, line 51]
2010-02-12 18:39:39 Notice: Notice (8): Undefined index:  hits in [APP/controllers/urls_controller.php, line 51]
2010-02-12 18:39:39 Notice: Notice (8): Undefined index:  hits in [APP/controllers/urls_controller.php, line 51]
2010-02-12 18:39:40 Notice: Notice (8): Undefined index:  hits in [APP/controllers/urls_controller.php, line 51]
2010-02-12 18:39:41 Notice: Notice (8): Undefined index:  hits in [APP/controllers/urls_controller.php, line 51]
2010-02-12 18:39:41 Notice: Notice (8): Undefined index:  hits in [APP/controllers/urls_controller.php, line 51]
2010-02-12 18:39:42 Notice: Notice (8): Undefined index:  hits in [APP/controllers/urls_controller.php, line 51]
2010-02-12 18:39:42 Notice: Notice (8): Undefined index:  hits in [APP/controllers/urls_controller.php, line 51]
2010-02-12 20:18:22 Notice: Notice (8): Undefined variable: html in [APP/controllers/urls_controller.php, line 18]
